<?xml version="1.0" encoding="UTF-8"?>
<testng-results skipped="0" failed="0" ignored="0" total="1" passed="1">
  <reporter-output>
  </reporter-output>
  <suite name="Default suite" duration-ms="4349" started-at="2018-05-17T20:27:34Z" finished-at="2018-05-17T20:27:38Z">
    <groups>
    </groups>
    <test name="Default test" duration-ms="4349" started-at="2018-05-17T20:27:34Z" finished-at="2018-05-17T20:27:38Z">
      <class name="headles.cucumber.project.headles.cucumber.project.HeadlessTest">
        <test-method status="PASS" signature="test()[pri:0, instance:headles.cucumber.project.headles.cucumber.project.HeadlessTest@18bf3d14]" name="test" duration-ms="4322" started-at="2018-05-17T20:27:34Z" finished-at="2018-05-17T20:27:38Z">
          <reporter-output>
          </reporter-output>
        </test-method> <!-- test -->
      </class> <!-- headles.cucumber.project.headles.cucumber.project.HeadlessTest -->
    </test> <!-- Default test -->
  </suite> <!-- Default suite -->
</testng-results>
